<?xml version="1.0" encoding="UTF-8"?>
<!-- Generated by org.testng.reporters.JUnitReportReporter -->
<testsuite skipped="0" hostname="DESKTOP-NVMA5KS" name="tests.BuyMusicTestCase" tests="1" failures="0" timestamp="01 Mar 2019 10:29:16 GMT" time="44.633" errors="0">
  <testcase name="FindMusic" time="44.633" classname="tests.BuyMusicTestCase"/>
</testsuite> <!-- tests.BuyMusicTestCase -->
