<?xml version="1.0" encoding="UTF-8"?>
<!-- Generated by org.testng.reporters.JUnitReportReporter -->
<testsuite skipped="0" hostname="DESKTOP-NVMA5KS" name="tests.SmokeTestCase" tests="3" failures="0" timestamp="12 Mar 2019 14:13:23 GMT" time="18.954" errors="0">
  <testcase name="FillCCSmoke" time="2.712" classname="tests.SmokeTestCase"/>
  <testcase name="AddtoCartSmoke" time="10.685" classname="tests.SmokeTestCase"/>
  <testcase name="SubmitAddressSmoke" time="5.557" classname="tests.SmokeTestCase"/>
</testsuite> <!-- tests.SmokeTestCase -->
