<?xml version="1.0" encoding="UTF-8"?>
<!-- Generated by org.testng.reporters.JUnitReportReporter -->
<testsuite skipped="0" hostname="DESKTOP-NVMA5KS" name="tests.SmokeTestCase" tests="3" failures="0" timestamp="13 Mar 2019 11:16:46 GMT" time="20.209" errors="0">
  <testcase name="AddtoCartSmoke" time="11.916" classname="tests.SmokeTestCase"/>
  <testcase name="SubmitAddressSmoke" time="5.520" classname="tests.SmokeTestCase"/>
  <testcase name="FillCCSmoke" time="2.773" classname="tests.SmokeTestCase"/>
</testsuite> <!-- tests.SmokeTestCase -->
