<?xml version="1.0" encoding="UTF-8"?>
<!-- Generated by org.testng.reporters.JUnitReportReporter -->
<testsuite skipped="0" hostname="DESKTOP-NVMA5KS" name="tests.AddMusicTestCase" tests="5" failures="0" timestamp="12 Mar 2019 13:48:17 GMT" time="39.358" errors="0">
  <testcase name="AddVinylToCart" time="10.383" classname="tests.AddMusicTestCase"/>
  <testcase name="AddMp3ToCart" time="2.331" classname="tests.AddMusicTestCase"/>
  <testcase name="Add5CDsToCart" time="10.191" classname="tests.AddMusicTestCase"/>
  <testcase name="AddCDToCart" time="6.434" classname="tests.AddMusicTestCase"/>
  <testcase name="AddCassetteToCart" time="10.019" classname="tests.AddMusicTestCase"/>
</testsuite> <!-- tests.AddMusicTestCase -->
