<?xml version="1.0" encoding="UTF-8"?>
<!-- Generated by org.testng.reporters.JUnitReportReporter -->
<testsuite skipped="0" hostname="DESKTOP-NVMA5KS" name="tests.AddMusicTestCase" tests="5" failures="0" timestamp="12 Mar 2019 14:13:23 GMT" time="39.576" errors="0">
  <testcase name="AddCDToCart" time="6.662" classname="tests.AddMusicTestCase"/>
  <testcase name="AddMp3ToCart" time="2.994" classname="tests.AddMusicTestCase"/>
  <testcase name="Add5CDsToCart" time="9.692" classname="tests.AddMusicTestCase"/>
  <testcase name="AddVinylToCart" time="10.097" classname="tests.AddMusicTestCase"/>
  <testcase name="AddCassetteToCart" time="10.131" classname="tests.AddMusicTestCase"/>
</testsuite> <!-- tests.AddMusicTestCase -->
