<?xml version="1.0" encoding="UTF-8"?>
<!-- Generated by org.testng.reporters.JUnitReportReporter -->
<testsuite skipped="5" hostname="DESKTOP-NVMA5KS" name="tests.AddMusicTestCase" tests="5" failures="0" timestamp="13 Mar 2019 12:34:34 GMT" time="0.000" errors="0">
  <testcase name="Add5VinylssToCart" time="0.000" classname="tests.AddMusicTestCase">
    <skipped/>
  </testcase> <!-- Add5VinylssToCart -->
  <testcase name="AddMp3ToCart" time="0.000" classname="tests.AddMusicTestCase">
    <skipped/>
  </testcase> <!-- AddMp3ToCart -->
  <testcase name="AddVinylToCart" time="0.000" classname="tests.AddMusicTestCase">
    <skipped/>
  </testcase> <!-- AddVinylToCart -->
  <testcase name="AddCDToCart" time="0.000" classname="tests.AddMusicTestCase">
    <skipped/>
  </testcase> <!-- AddCDToCart -->
  <testcase name="AddCassetteToCart" time="0.000" classname="tests.AddMusicTestCase">
    <skipped/>
  </testcase> <!-- AddCassetteToCart -->
</testsuite> <!-- tests.AddMusicTestCase -->
