<?xml version="1.0" encoding="UTF-8"?>
<!-- Generated by org.testng.reporters.JUnitReportReporter -->
<testsuite skipped="0" hostname="DESKTOP-NVMA5KS" name="tests.AddMusicTestCase" tests="5" failures="0" timestamp="13 Mar 2019 10:40:13 GMT" time="47.598" errors="0">
  <testcase name="Add5VinylssToCart" time="11.877" classname="tests.AddMusicTestCase"/>
  <testcase name="AddVinylToCart" time="11.891" classname="tests.AddMusicTestCase"/>
  <testcase name="AddMp3ToCart" time="3.130" classname="tests.AddMusicTestCase"/>
  <testcase name="AddCDToCart" time="10.774" classname="tests.AddMusicTestCase"/>
  <testcase name="AddCassetteToCart" time="9.926" classname="tests.AddMusicTestCase"/>
</testsuite> <!-- tests.AddMusicTestCase -->
