<?xml version="1.0" encoding="UTF-8"?>
<!-- Generated by org.testng.reporters.JUnitReportReporter -->
<testsuite skipped="0" hostname="DESKTOP-NVMA5KS" name="tests.SmokeTestCase" tests="3" failures="0" timestamp="12 Mar 2019 13:48:17 GMT" time="19.226" errors="0">
  <testcase name="SubmitAddressSmoke" time="5.790" classname="tests.SmokeTestCase"/>
  <testcase name="FillCCSmoke" time="2.680" classname="tests.SmokeTestCase"/>
  <testcase name="AddtoCartSmoke" time="10.756" classname="tests.SmokeTestCase"/>
</testsuite> <!-- tests.SmokeTestCase -->
